Viewed: AI Engineer Intern — Score: 0.83% — https://www.linkedin.com/jobs/view/3742095810/
Viewed: AI Engineer Intern — Score: 0.83% — https://www.linkedin.com/jobs/view/3742095810/
Viewed: AI Engineer Intern — Score: 0.83% — https://www.linkedin.com/jobs/view/3742095810/
Artificial Intelligence Intern at Adorebits Technology — https://www.linkedin.com/jobs/view/4280214534/?trk=flagship3_search_srp_jobs
Artificial Intelligence Intern at RallyX AI — https://www.linkedin.com/jobs/view/4281599255/?trk=flagship3_search_srp_jobs
Artificial Intelligence & Machine Learning Intern at IG Tech — https://www.linkedin.com/jobs/view/4281607377/?trk=flagship3_search_srp_jobs
Machine Learning Intern at Enerzcloud Solutions — https://www.linkedin.com/jobs/view/4282123974/?trk=flagship3_search_srp_jobs
Artificial Intelligence Intern at AtomicAds — https://www.linkedin.com/jobs/view/4281539467/?trk=flagship3_search_srp_jobs
Artificial Intelligence (AI) Internship in Bangalore at Chai Point — https://www.linkedin.com/jobs/view/4275498708/?trk=flagship3_search_srp_jobs
Artificial Intelligence (AI) Internship in Bangalore at LinkEye — https://www.linkedin.com/jobs/view/4279931936/?trk=flagship3_search_srp_jobs
Artificial Intelligence Intern at Adorebits Technology — https://www.linkedin.com/jobs/view/4280214534/?trk=flagship3_search_srp_jobs
Artificial Intelligence Intern at Adorebits Technology — https://www.linkedin.com/jobs/view/4280214534/?trk=flagship3_search_srp_jobs
Artificial Intelligence Intern at RallyX AI — https://www.linkedin.com/jobs/view/4281599255/?trk=flagship3_search_srp_jobs
Artificial Intelligence & Machine Learning Intern at IG Tech — https://www.linkedin.com/jobs/view/4281607377/?trk=flagship3_search_srp_jobs
Artificial Intelligence Intern at Adorebits Technology — https://www.linkedin.com/jobs/view/4280214534/?trk=flagship3_search_srp_jobs
Artificial Intelligence & Machine Learning Intern at IG Tech — https://www.linkedin.com/jobs/view/4281607377/?trk=flagship3_search_srp_jobs
Artificial Intelligence Intern at Adorebits Technology — https://www.linkedin.com/jobs/view/4280214534/?trk=flagship3_search_srp_jobs
Artificial Intelligence & Machine Learning Intern at IG Tech — https://www.linkedin.com/jobs/view/4281607377/?trk=flagship3_search_srp_jobs
Artificial Intelligence Intern at Unknown Company — https://www.linkedin.com/jobs/view/4280214534/?eBP=NOT_ELIGIBLE_FOR_CHARGING&refId=PVpmnN1OMNT47EjL6wO5jw%3D%3D&trackingId=6%2B6uAB03rcbyXQBoNsfd%2FA%3D%3D&trk=flagship3_search_srp_jobs
Artificial Intelligence Intern at Unknown Company — https://www.linkedin.com/jobs/view/4281539467/?eBP=NOT_ELIGIBLE_FOR_CHARGING&refId=PVpmnN1OMNT47EjL6wO5jw%3D%3D&trackingId=0Hv1L%2F2UFsaAwiNdzulnOg%3D%3D&trk=flagship3_search_srp_jobs
Artificial Intelligence Intern at Unknown Company — https://www.linkedin.com/jobs/view/4279884923/?eBP=NOT_ELIGIBLE_FOR_CHARGING&refId=PVpmnN1OMNT47EjL6wO5jw%3D%3D&trackingId=P9rAGEEMLfy86wfYKyMrUA%3D%3D&trk=flagship3_search_srp_jobs
AI INTERNS at Unknown Company — https://www.linkedin.com/jobs/view/4281594020/?eBP=NOT_ELIGIBLE_FOR_CHARGING&refId=PVpmnN1OMNT47EjL6wO5jw%3D%3D&trackingId=Ne%2F1F9nUkVsze1gDsPfT1Q%3D%3D&trk=flagship3_search_srp_jobs
AI Intern at Unknown Company — https://www.linkedin.com/jobs/view/4282158427/?eBP=NOT_ELIGIBLE_FOR_CHARGING&refId=PVpmnN1OMNT47EjL6wO5jw%3D%3D&trackingId=HwLYT3HhvMtv8IxmO8u0vA%3D%3D&trk=flagship3_search_srp_jobs
Internship - Machine Learning at Unknown Company — https://www.linkedin.com/jobs/view/4264065126/?eBP=CwEAAAGYiui5gi-lBK5nm2TNtRvLPcQK1nVIWV2ZG1bBNeqkcGC36x7FNWHJ3srG9WFxClJw6Oiy_lE6NKD1FbonuVLDWOk3FH1LgLyKRu6VX_c2RV-XGs1eIi53AzX9hIR-QFo-H75lLu3FltKdcggzdKL0__2dNd1xF7ZF2Fkv4BnhJIaLvKWLnM5E1QGvZVa2MEewaHlhQBVIMPGFGjIGMcqtuTcwtCIgEvL588IVINEzEJa55Gse3l22tC4pf1eEQqiwf6XOfuxtaH65j_aF-fJk551C1TV0Notj4VuDs0FEzyXKqfeBc3yxd2Pj3IAamxivlrlpXAGAeNln_S2H15UiX3yIAp4NpfBkLESx8tkrPmM8jBjn5dbVQZ7uVG0T8alQqvzy1m12bL9zTpjvbK3QqKxYMeBODNnuKcDcAwsUanesF92OnOFHAzjofvxWFz2Bq1AMTuYwyPLnUClO6miM0INCTrIJuincpXwEb9nvCMSd16UndpD_-C9NoVYemHugOSt4WmR6fkMhSw&refId=PVpmnN1OMNT47EjL6wO5jw%3D%3D&trackingId=cwL6TxABSyiM2zcjGmTRIg%3D%3D&trk=flagship3_search_srp_jobs
Artificial Intelligence Intern at Unknown Company — https://www.linkedin.com/jobs/view/4281135717/?eBP=BUDGET_EXHAUSTED_JOB&refId=PVpmnN1OMNT47EjL6wO5jw%3D%3D&trackingId=oCCs%2BOdfyGxxdjF41VEnRg%3D%3D&trk=flagship3_search_srp_jobs
Artificial Intelligence Intern at Unknown Company — https://www.linkedin.com/jobs/view/4282318074/?trk=flagship3_search_srp_jobs
Artificial Intelligence Intern at Unknown Company — https://www.linkedin.com/jobs/view/4280214534/?trk=flagship3_search_srp_jobs
AI INTERNS at Unknown Company — https://www.linkedin.com/jobs/view/4281594020/?trk=flagship3_search_srp_jobs
Artificial Intelligence Intern at Unknown Company — https://www.linkedin.com/jobs/view/4279884923/?trk=flagship3_search_srp_jobs
AI Intern at Unknown Company — https://www.linkedin.com/jobs/view/4282158427/?trk=flagship3_search_srp_jobs
Internship - Machine Learning at Unknown Company — https://www.linkedin.com/jobs/view/4264065126/?trk=flagship3_search_srp_jobs
Artificial Intelligence Intern at Unknown Company — https://www.linkedin.com/jobs/view/4281135717/?trk=flagship3_search_srp_jobs
